  Built semantic space:
    Matrix type:SparseMatrix
    Matrix shape:1343x1343
    Perc. non-zero entries:0
    
    Timing:0.321421146393 seconds
  
Applied transformation:
    Transformation type:PpmiWeighting
    Original semantic space:
      Matrix type:SparseMatrix
      Matrix shape:1343x1343
      Perc. non-zero entries:0
    Resulted semantic space:
      Matrix type:SparseMatrix
      Matrix shape:1343x1343
      Perc. non-zero entries:0
    
    Timing:0.0279250144958 seconds
  
Applied transformation:
    Transformation type:RowNormalization
    Original semantic space:
      Matrix type:SparseMatrix
      Matrix shape:1343x1343
      Perc. non-zero entries:0
    Resulted semantic space:
      Matrix type:SparseMatrix
      Matrix shape:1343x1343
      Perc. non-zero entries:0
    
    Timing:0.0156900882721 seconds
  Printed semantic space:
    Matrix type:SparseMatrix
    Matrix shape:1343x1343
    Perc. non-zero entries:0
    
    Timing:8.10427999496 seconds
